2024-06-03 17:37:48,140 [INFO] Starting bot with environment = testing
2024-06-03 17:37:48,142 [INFO] Start polling...
2024-06-03 17:40:11,072 [INFO] Starting bot with environment = testing
2024-06-03 17:40:11,077 [INFO] Start polling...
2024-06-03 17:42:49,250 [INFO] Starting bot with environment = testing
2024-06-03 17:42:49,253 [INFO] Start polling...
2024-06-03 17:44:00,188 [INFO] Starting bot with environment = testing
2024-06-03 17:44:00,191 [INFO] Start polling...
2024-06-03 17:44:53,089 [INFO] call message from user with id = 274736113
2024-06-03 17:47:17,298 [INFO] Starting bot with environment = testing
2024-06-03 17:47:17,301 [INFO] Start polling...
2024-06-03 17:47:26,151 [INFO] Call message from user with id = 274736113
2024-06-03 18:08:32,989 [INFO] Starting bot with environment = testing
2024-06-03 18:08:32,996 [INFO] Start polling...
2024-06-03 18:09:11,695 [INFO] Call message from user with id = 274736113
2024-06-03 18:09:11,696 [INFO] No number saved for user with id = 274736113
2024-06-03 18:10:23,794 [INFO] Get number from user with id = 274736113
2024-06-03 18:16:53,220 [INFO] Starting bot with environment = testing
2024-06-03 18:16:53,222 [INFO] Start polling...
2024-06-03 18:17:03,517 [INFO] Call message from user with id = 274736113
2024-06-03 18:17:03,524 [INFO] No number saved for user with id = 274736113
2024-06-03 18:17:08,000 [INFO] Get number from user with id = 274736113
2024-06-03 18:17:21,197 [INFO] Message with contact from user with id = 274736113
2024-06-03 18:22:18,045 [INFO] Starting bot with environment = testing
2024-06-03 18:22:18,046 [INFO] Start polling...
2024-06-03 18:22:31,746 [INFO] Call message from user with id = 274736113
2024-06-03 18:22:31,751 [INFO] No number saved for user with id = 274736113
2024-06-03 18:22:36,356 [INFO] Get number from user with id = 274736113
2024-06-03 18:23:04,511 [INFO] Message with contact from user with id = 274736113
2024-06-03 18:24:31,406 [INFO] Call message from user with id = 274736113
2024-06-03 18:28:47,932 [INFO] Starting bot with environment = testing
2024-06-03 18:28:47,936 [INFO] Start polling...
2024-06-03 18:28:47,942 [DEBUG] Starting new HTTPS connection (1): api.telegram.org:443
2024-06-03 18:28:48,124 [DEBUG] https://api.telegram.org:443 "GET /bot6818872805:AAG1pKo-eVwCf_r7av6jpuFCI9YeQE9M6nY/getMe HTTP/1.1" 200 231
2024-06-03 18:28:48,128 [DEBUG] Starting new HTTPS connection (1): api.telegram.org:443
2024-06-03 18:29:04,242 [DEBUG] https://api.telegram.org:443 "GET /bot6818872805:AAG1pKo-eVwCf_r7av6jpuFCI9YeQE9M6nY/getUpdates?offset=1&timeout=20 HTTP/1.1" 200 353
2024-06-03 18:29:04,245 [INFO] Call message from user with id = 274736113
2024-06-03 18:29:04,246 [INFO] No number saved for user with id = 274736113
2024-06-03 18:29:04,251 [DEBUG] Starting new HTTPS connection (1): api.telegram.org:443
2024-06-03 18:29:04,485 [DEBUG] https://api.telegram.org:443 "POST /bot6818872805:AAG1pKo-eVwCf_r7av6jpuFCI9YeQE9M6nY/sendMessage?chat_id=274736113&text=%D0%9D%D0%B5%D1%82+%D0%B8%D0%BD%D1%84%D0%BE%D1%80%D0%BC%D0%B0%D1%86%D0%B8%D0%B8+%D0%BE+%D1%82%D0%BE%D0%BC%2C+%D0%BD%D0%B0+%D0%BA%D0%B0%D0%BA%D0%BE%D0%B9+%D1%82%D0%B5%D0%BB%D0%B5%D1%84%D0%BD+%D0%BF%D0%BE%D1%81%D1%82%D0%B0%D0%B2%D0%B8%D1%82%D1%8C+%D0%B4%D0%BE%D0%B7%D0%B2%D0%BE%D0%BD.+%D0%9E%D1%82%D0%BF%D1%80%D0%B0%D0%B2%D1%8C%D1%82%D0%B5+%D1%81%D0%B2%D0%BE%D0%B9+%D1%82%D0%B5%D0%BB%D0%B5%D1%84%D0%BE%D0%BD+%D0%BA%D0%BE%D0%BC%D0%B0%D0%BD%D0%B4%D0%BE%D0%B9+%2A%2Fnumber%2A+%D0%B2+%D0%BB%D0%B8%D1%87%D0%BD%D1%8B%D1%85+%D1%81%D0%BE%D0%BE%D0%B1%D1%89%D0%B5%D0%BD%D0%B8%D1%8F%D1%85+%D0%B1%D0%BE%D1%82%D1%83&parse_mode=Markdown HTTP/1.1" 200 932
2024-06-03 18:29:15,899 [DEBUG] https://api.telegram.org:443 "GET /bot6818872805:AAG1pKo-eVwCf_r7av6jpuFCI9YeQE9M6nY/getUpdates?offset=472729996&timeout=20 HTTP/1.1" 200 353
2024-06-03 18:29:15,907 [INFO] Get number from user with id = 274736113
2024-06-03 18:29:15,912 [DEBUG] Starting new HTTPS connection (1): api.telegram.org:443
2024-06-03 18:29:16,182 [DEBUG] https://api.telegram.org:443 "POST /bot6818872805:AAG1pKo-eVwCf_r7av6jpuFCI9YeQE9M6nY/sendMessage?chat_id=274736113&text=%D0%9E%D1%82%D0%BF%D1%80%D0%B0%D0%B2%D1%8C%D1%82%D0%B5+%D1%81%D0%B2%D0%BE%D0%B9+%D0%BD%D0%BE%D0%BC%D0%B5%D1%80+%D1%82%D0%B5%D0%BB%D0%B5%D1%84%D0%BE%D0%BD%D0%B0+%D0%BD%D0%B0%D0%B6%D0%B0%D0%B2+%D0%BD%D0%B0+%D0%BA%D0%BD%D0%BE%D0%BF%D0%BA%D1%83&reply_markup=%7B%22keyboard%22%3A+%5B%5B%7B%22text%22%3A+%22%5Cu041e%5Cu0442%5Cu043f%5Cu0440%5Cu0430%5Cu0432%5Cu0438%5Cu0442%5Cu044c+%5Cu0442%5Cu0435%5Cu043b%5Cu0435%5Cu0444%5Cu043e%5Cu043d%22%2C+%22request_contact%22%3A+true%7D%5D%5D%2C+%22resize_keyboard%22%3A+true%7D HTTP/1.1" 200 484
2024-06-03 18:29:35,964 [DEBUG] https://api.telegram.org:443 "GET /bot6818872805:AAG1pKo-eVwCf_r7av6jpuFCI9YeQE9M6nY/getUpdates?offset=472729997&timeout=20 HTTP/1.1" 200 23
2024-06-03 18:29:40,261 [DEBUG] https://api.telegram.org:443 "GET /bot6818872805:AAG1pKo-eVwCf_r7av6jpuFCI9YeQE9M6nY/getUpdates?offset=472729997&timeout=20 HTTP/1.1" 200 844
2024-06-03 18:29:40,267 [INFO] Message with contact from user with id = 274736113
2024-06-03 18:29:47,877 [DEBUG] https://api.telegram.org:443 "GET /bot6818872805:AAG1pKo-eVwCf_r7av6jpuFCI9YeQE9M6nY/getUpdates?offset=472729998&timeout=20 HTTP/1.1" 200 353
2024-06-03 18:29:47,879 [INFO] Call message from user with id = 274736113
2024-06-03 18:29:47,880 [DEBUG] User with id = 274736113 add call for None hours
2024-06-03 18:36:28,778 [INFO] Starting bot with environment = testing
2024-06-03 18:36:28,780 [INFO] Start polling...
2024-06-03 18:36:28,784 [DEBUG] Starting new HTTPS connection (1): api.telegram.org:443
2024-06-03 18:36:28,965 [DEBUG] https://api.telegram.org:443 "GET /bot6818872805:AAG1pKo-eVwCf_r7av6jpuFCI9YeQE9M6nY/getMe HTTP/1.1" 200 231
2024-06-03 18:36:28,972 [DEBUG] Starting new HTTPS connection (1): api.telegram.org:443
2024-06-03 18:36:41,625 [DEBUG] https://api.telegram.org:443 "GET /bot6818872805:AAG1pKo-eVwCf_r7av6jpuFCI9YeQE9M6nY/getUpdates?offset=1&timeout=20 HTTP/1.1" 200 353
2024-06-03 18:36:41,629 [INFO] Call message from user with id = 274736113
2024-06-03 18:36:41,632 [INFO] No number saved for user with id = 274736113
2024-06-03 18:36:41,640 [DEBUG] Starting new HTTPS connection (1): api.telegram.org:443
2024-06-03 18:36:41,835 [DEBUG] https://api.telegram.org:443 "POST /bot6818872805:AAG1pKo-eVwCf_r7av6jpuFCI9YeQE9M6nY/sendMessage?chat_id=274736113&text=%D0%9D%D0%B5%D1%82+%D0%B8%D0%BD%D1%84%D0%BE%D1%80%D0%BC%D0%B0%D1%86%D0%B8%D0%B8+%D0%BE+%D1%82%D0%BE%D0%BC%2C+%D0%BD%D0%B0+%D0%BA%D0%B0%D0%BA%D0%BE%D0%B9+%D1%82%D0%B5%D0%BB%D0%B5%D1%84%D0%BD+%D0%BF%D0%BE%D1%81%D1%82%D0%B0%D0%B2%D0%B8%D1%82%D1%8C+%D0%B4%D0%BE%D0%B7%D0%B2%D0%BE%D0%BD.+%D0%9E%D1%82%D0%BF%D1%80%D0%B0%D0%B2%D1%8C%D1%82%D0%B5+%D1%81%D0%B2%D0%BE%D0%B9+%D1%82%D0%B5%D0%BB%D0%B5%D1%84%D0%BE%D0%BD+%D0%BA%D0%BE%D0%BC%D0%B0%D0%BD%D0%B4%D0%BE%D0%B9+%2A%2Fnumber%2A+%D0%B2+%D0%BB%D0%B8%D1%87%D0%BD%D1%8B%D1%85+%D1%81%D0%BE%D0%BE%D0%B1%D1%89%D0%B5%D0%BD%D0%B8%D1%8F%D1%85+%D0%B1%D0%BE%D1%82%D1%83&parse_mode=Markdown HTTP/1.1" 200 932
2024-06-03 18:36:51,964 [DEBUG] https://api.telegram.org:443 "GET /bot6818872805:AAG1pKo-eVwCf_r7av6jpuFCI9YeQE9M6nY/getUpdates?offset=472730000&timeout=20 HTTP/1.1" 200 353
2024-06-03 18:36:51,966 [INFO] Get number from user with id = 274736113
2024-06-03 18:36:51,976 [DEBUG] Starting new HTTPS connection (1): api.telegram.org:443
2024-06-03 18:36:52,333 [DEBUG] https://api.telegram.org:443 "POST /bot6818872805:AAG1pKo-eVwCf_r7av6jpuFCI9YeQE9M6nY/sendMessage?chat_id=274736113&text=%D0%9E%D1%82%D0%BF%D1%80%D0%B0%D0%B2%D1%8C%D1%82%D0%B5+%D1%81%D0%B2%D0%BE%D0%B9+%D0%BD%D0%BE%D0%BC%D0%B5%D1%80+%D1%82%D0%B5%D0%BB%D0%B5%D1%84%D0%BE%D0%BD%D0%B0+%D0%BD%D0%B0%D0%B6%D0%B0%D0%B2+%D0%BD%D0%B0+%D0%BA%D0%BD%D0%BE%D0%BF%D0%BA%D1%83&reply_markup=%7B%22keyboard%22%3A+%5B%5B%7B%22text%22%3A+%22%5Cu041e%5Cu0442%5Cu043f%5Cu0440%5Cu0430%5Cu0432%5Cu0438%5Cu0442%5Cu044c+%5Cu0442%5Cu0435%5Cu043b%5Cu0435%5Cu0444%5Cu043e%5Cu043d%22%2C+%22request_contact%22%3A+true%7D%5D%5D%2C+%22resize_keyboard%22%3A+true%7D HTTP/1.1" 200 484
2024-06-03 18:36:59,814 [DEBUG] https://api.telegram.org:443 "GET /bot6818872805:AAG1pKo-eVwCf_r7av6jpuFCI9YeQE9M6nY/getUpdates?offset=472730001&timeout=20 HTTP/1.1" 200 360
2024-06-03 18:37:19,918 [DEBUG] https://api.telegram.org:443 "GET /bot6818872805:AAG1pKo-eVwCf_r7av6jpuFCI9YeQE9M6nY/getUpdates?offset=472730002&timeout=20 HTTP/1.1" 200 23
2024-06-03 18:37:24,553 [DEBUG] https://api.telegram.org:443 "GET /bot6818872805:AAG1pKo-eVwCf_r7av6jpuFCI9YeQE9M6nY/getUpdates?offset=472730002&timeout=20 HTTP/1.1" 200 844
2024-06-03 18:37:24,555 [INFO] Message with contact from user with id = 274736113
2024-06-03 18:37:37,946 [DEBUG] https://api.telegram.org:443 "GET /bot6818872805:AAG1pKo-eVwCf_r7av6jpuFCI9YeQE9M6nY/getUpdates?offset=472730003&timeout=20 HTTP/1.1" 200 353
2024-06-03 18:37:37,948 [INFO] Call message from user with id = 274736113
2024-06-03 18:37:37,949 [DEBUG] User with id = 274736113 add call for 3 hours
2024-06-03 18:37:37,950 [DEBUG] Creating call for user with id = 274736113 until 06/03/2024, 21:37
2024-06-03 18:37:38,056 [DEBUG] https://api.telegram.org:443 "POST /bot6818872805:AAG1pKo-eVwCf_r7av6jpuFCI9YeQE9M6nY/sendMessage?chat_id=274736113&text=%D0%9F%D0%BE%D1%81%D1%82%D0%B0%D0%B2%D0%BB%D0%B5%D0%BD+%D0%B4%D0%BE%D0%B7%D0%B2%D0%BE%D0%BD+%D0%B4%D0%BE+06%2F03%2F2024%2C+21%3A37 HTTP/1.1" 200 366
2024-06-03 18:37:58,025 [DEBUG] https://api.telegram.org:443 "GET /bot6818872805:AAG1pKo-eVwCf_r7av6jpuFCI9YeQE9M6nY/getUpdates?offset=472730004&timeout=20 HTTP/1.1" 200 23
2024-06-03 18:38:18,120 [DEBUG] https://api.telegram.org:443 "GET /bot6818872805:AAG1pKo-eVwCf_r7av6jpuFCI9YeQE9M6nY/getUpdates?offset=472730004&timeout=20 HTTP/1.1" 200 23
2024-06-03 18:38:38,202 [DEBUG] https://api.telegram.org:443 "GET /bot6818872805:AAG1pKo-eVwCf_r7av6jpuFCI9YeQE9M6nY/getUpdates?offset=472730004&timeout=20 HTTP/1.1" 200 23
2024-06-03 18:38:58,265 [DEBUG] https://api.telegram.org:443 "GET /bot6818872805:AAG1pKo-eVwCf_r7av6jpuFCI9YeQE9M6nY/getUpdates?offset=472730004&timeout=20 HTTP/1.1" 200 23
2024-06-03 18:39:18,340 [DEBUG] https://api.telegram.org:443 "GET /bot6818872805:AAG1pKo-eVwCf_r7av6jpuFCI9YeQE9M6nY/getUpdates?offset=472730004&timeout=20 HTTP/1.1" 200 23
2024-06-03 18:39:38,674 [DEBUG] https://api.telegram.org:443 "GET /bot6818872805:AAG1pKo-eVwCf_r7av6jpuFCI9YeQE9M6nY/getUpdates?offset=472730004&timeout=20 HTTP/1.1" 200 23
2024-06-03 18:39:58,750 [DEBUG] https://api.telegram.org:443 "GET /bot6818872805:AAG1pKo-eVwCf_r7av6jpuFCI9YeQE9M6nY/getUpdates?offset=472730004&timeout=20 HTTP/1.1" 200 23
2024-06-03 18:40:18,865 [DEBUG] https://api.telegram.org:443 "GET /bot6818872805:AAG1pKo-eVwCf_r7av6jpuFCI9YeQE9M6nY/getUpdates?offset=472730004&timeout=20 HTTP/1.1" 200 23
2024-06-03 18:40:38,932 [DEBUG] https://api.telegram.org:443 "GET /bot6818872805:AAG1pKo-eVwCf_r7av6jpuFCI9YeQE9M6nY/getUpdates?offset=472730004&timeout=20 HTTP/1.1" 200 23
2024-06-03 18:40:58,996 [DEBUG] https://api.telegram.org:443 "GET /bot6818872805:AAG1pKo-eVwCf_r7av6jpuFCI9YeQE9M6nY/getUpdates?offset=472730004&timeout=20 HTTP/1.1" 200 23
2024-06-03 18:41:19,063 [DEBUG] https://api.telegram.org:443 "GET /bot6818872805:AAG1pKo-eVwCf_r7av6jpuFCI9YeQE9M6nY/getUpdates?offset=472730004&timeout=20 HTTP/1.1" 200 23
2024-06-03 18:41:39,137 [DEBUG] https://api.telegram.org:443 "GET /bot6818872805:AAG1pKo-eVwCf_r7av6jpuFCI9YeQE9M6nY/getUpdates?offset=472730004&timeout=20 HTTP/1.1" 200 23
2024-06-03 18:41:59,210 [DEBUG] https://api.telegram.org:443 "GET /bot6818872805:AAG1pKo-eVwCf_r7av6jpuFCI9YeQE9M6nY/getUpdates?offset=472730004&timeout=20 HTTP/1.1" 200 23
2024-06-03 18:42:19,278 [DEBUG] https://api.telegram.org:443 "GET /bot6818872805:AAG1pKo-eVwCf_r7av6jpuFCI9YeQE9M6nY/getUpdates?offset=472730004&timeout=20 HTTP/1.1" 200 23
2024-06-03 18:42:39,347 [DEBUG] https://api.telegram.org:443 "GET /bot6818872805:AAG1pKo-eVwCf_r7av6jpuFCI9YeQE9M6nY/getUpdates?offset=472730004&timeout=20 HTTP/1.1" 200 23
2024-06-03 18:42:59,417 [DEBUG] https://api.telegram.org:443 "GET /bot6818872805:AAG1pKo-eVwCf_r7av6jpuFCI9YeQE9M6nY/getUpdates?offset=472730004&timeout=20 HTTP/1.1" 200 23
2024-06-03 18:43:19,480 [DEBUG] https://api.telegram.org:443 "GET /bot6818872805:AAG1pKo-eVwCf_r7av6jpuFCI9YeQE9M6nY/getUpdates?offset=472730004&timeout=20 HTTP/1.1" 200 23
2024-06-03 18:43:39,545 [DEBUG] https://api.telegram.org:443 "GET /bot6818872805:AAG1pKo-eVwCf_r7av6jpuFCI9YeQE9M6nY/getUpdates?offset=472730004&timeout=20 HTTP/1.1" 200 23
2024-06-03 18:43:59,628 [DEBUG] https://api.telegram.org:443 "GET /bot6818872805:AAG1pKo-eVwCf_r7av6jpuFCI9YeQE9M6nY/getUpdates?offset=472730004&timeout=20 HTTP/1.1" 200 23
2024-06-03 18:44:19,698 [DEBUG] https://api.telegram.org:443 "GET /bot6818872805:AAG1pKo-eVwCf_r7av6jpuFCI9YeQE9M6nY/getUpdates?offset=472730004&timeout=20 HTTP/1.1" 200 23
2024-06-03 18:44:39,772 [DEBUG] https://api.telegram.org:443 "GET /bot6818872805:AAG1pKo-eVwCf_r7av6jpuFCI9YeQE9M6nY/getUpdates?offset=472730004&timeout=20 HTTP/1.1" 200 23
2024-06-03 18:44:59,833 [DEBUG] https://api.telegram.org:443 "GET /bot6818872805:AAG1pKo-eVwCf_r7av6jpuFCI9YeQE9M6nY/getUpdates?offset=472730004&timeout=20 HTTP/1.1" 200 23
2024-06-03 18:45:19,897 [DEBUG] https://api.telegram.org:443 "GET /bot6818872805:AAG1pKo-eVwCf_r7av6jpuFCI9YeQE9M6nY/getUpdates?offset=472730004&timeout=20 HTTP/1.1" 200 23
2024-06-03 18:45:39,968 [DEBUG] https://api.telegram.org:443 "GET /bot6818872805:AAG1pKo-eVwCf_r7av6jpuFCI9YeQE9M6nY/getUpdates?offset=472730004&timeout=20 HTTP/1.1" 200 23
2024-06-03 18:46:00,033 [DEBUG] https://api.telegram.org:443 "GET /bot6818872805:AAG1pKo-eVwCf_r7av6jpuFCI9YeQE9M6nY/getUpdates?offset=472730004&timeout=20 HTTP/1.1" 200 23
2024-06-03 18:46:20,095 [DEBUG] https://api.telegram.org:443 "GET /bot6818872805:AAG1pKo-eVwCf_r7av6jpuFCI9YeQE9M6nY/getUpdates?offset=472730004&timeout=20 HTTP/1.1" 200 23
2024-06-03 18:46:40,163 [DEBUG] https://api.telegram.org:443 "GET /bot6818872805:AAG1pKo-eVwCf_r7av6jpuFCI9YeQE9M6nY/getUpdates?offset=472730004&timeout=20 HTTP/1.1" 200 23
2024-06-03 18:46:40,172 [DEBUG] Starting new HTTPS connection (1): api.telegram.org:443
2024-06-03 18:47:00,348 [DEBUG] https://api.telegram.org:443 "GET /bot6818872805:AAG1pKo-eVwCf_r7av6jpuFCI9YeQE9M6nY/getUpdates?offset=472730004&timeout=20 HTTP/1.1" 200 23
2024-06-03 18:47:20,418 [DEBUG] https://api.telegram.org:443 "GET /bot6818872805:AAG1pKo-eVwCf_r7av6jpuFCI9YeQE9M6nY/getUpdates?offset=472730004&timeout=20 HTTP/1.1" 200 23
2024-06-03 18:47:40,484 [DEBUG] https://api.telegram.org:443 "GET /bot6818872805:AAG1pKo-eVwCf_r7av6jpuFCI9YeQE9M6nY/getUpdates?offset=472730004&timeout=20 HTTP/1.1" 200 23
2024-06-03 18:48:00,554 [DEBUG] https://api.telegram.org:443 "GET /bot6818872805:AAG1pKo-eVwCf_r7av6jpuFCI9YeQE9M6nY/getUpdates?offset=472730004&timeout=20 HTTP/1.1" 200 23
2024-06-03 18:48:09,237 [DEBUG] https://api.telegram.org:443 "GET /bot6818872805:AAG1pKo-eVwCf_r7av6jpuFCI9YeQE9M6nY/getUpdates?offset=472730004&timeout=20 HTTP/1.1" 200 1024
2024-06-03 18:48:16,616 [DEBUG] https://api.telegram.org:443 "GET /bot6818872805:AAG1pKo-eVwCf_r7av6jpuFCI9YeQE9M6nY/getUpdates?offset=472730005&timeout=20 HTTP/1.1" 200 493
2024-06-03 18:53:57,377 [INFO] Starting bot with environment = testing
2024-06-03 18:53:57,380 [INFO] Start polling...
2024-06-03 18:53:57,384 [DEBUG] Starting new HTTPS connection (1): api.telegram.org:443
2024-06-03 18:53:57,612 [DEBUG] https://api.telegram.org:443 "GET /bot6818872805:AAG1pKo-eVwCf_r7av6jpuFCI9YeQE9M6nY/getMe HTTP/1.1" 200 231
2024-06-03 18:53:57,621 [DEBUG] Starting new HTTPS connection (1): api.telegram.org:443
2024-06-03 18:54:02,133 [DEBUG] https://api.telegram.org:443 "GET /bot6818872805:AAG1pKo-eVwCf_r7av6jpuFCI9YeQE9M6nY/getUpdates?offset=1&timeout=20 HTTP/1.1" 200 491
2024-06-03 18:54:46,769 [INFO] Starting bot with environment = testing
2024-06-03 18:54:46,770 [INFO] Start polling...
2024-06-03 18:54:46,775 [DEBUG] Starting new HTTPS connection (1): api.telegram.org:443
2024-06-03 18:54:46,934 [DEBUG] https://api.telegram.org:443 "GET /bot6818872805:AAG1pKo-eVwCf_r7av6jpuFCI9YeQE9M6nY/getMe HTTP/1.1" 200 231
2024-06-03 18:54:46,941 [DEBUG] Starting new HTTPS connection (1): api.telegram.org:443
2024-06-03 18:54:54,401 [DEBUG] https://api.telegram.org:443 "GET /bot6818872805:AAG1pKo-eVwCf_r7av6jpuFCI9YeQE9M6nY/getUpdates?offset=1&timeout=20 HTTP/1.1" 200 493
2024-06-03 18:58:58,277 [INFO] Starting bot with environment = testing
2024-06-03 18:58:58,279 [INFO] Start polling...
2024-06-03 18:58:58,283 [DEBUG] Starting new HTTPS connection (1): api.telegram.org:443
2024-06-03 18:58:58,469 [DEBUG] https://api.telegram.org:443 "GET /bot6818872805:AAG1pKo-eVwCf_r7av6jpuFCI9YeQE9M6nY/getMe HTTP/1.1" 200 231
2024-06-03 18:58:58,473 [DEBUG] Starting new HTTPS connection (1): api.telegram.org:443
2024-06-03 18:59:12,348 [DEBUG] https://api.telegram.org:443 "GET /bot6818872805:AAG1pKo-eVwCf_r7av6jpuFCI9YeQE9M6nY/getUpdates?offset=1&timeout=20 HTTP/1.1" 200 496
2024-06-03 18:59:12,353 [INFO] Setting calls for phones = (+79939170923)
2024-06-03 18:59:12,361 [INFO] Create call for phone = +79939170923
2024-06-03 18:59:12,363 [DEBUG] Starting new HTTPS connection (1): 127.0.0.1:1337
2024-06-03 18:59:32,419 [DEBUG] https://api.telegram.org:443 "GET /bot6818872805:AAG1pKo-eVwCf_r7av6jpuFCI9YeQE9M6nY/getUpdates?offset=472730009&timeout=20 HTTP/1.1" 200 23
2024-06-03 18:59:52,484 [DEBUG] https://api.telegram.org:443 "GET /bot6818872805:AAG1pKo-eVwCf_r7av6jpuFCI9YeQE9M6nY/getUpdates?offset=472730009&timeout=20 HTTP/1.1" 200 23
2024-06-03 19:00:12,547 [DEBUG] https://api.telegram.org:443 "GET /bot6818872805:AAG1pKo-eVwCf_r7av6jpuFCI9YeQE9M6nY/getUpdates?offset=472730009&timeout=20 HTTP/1.1" 200 23
2024-06-03 19:00:32,612 [DEBUG] https://api.telegram.org:443 "GET /bot6818872805:AAG1pKo-eVwCf_r7av6jpuFCI9YeQE9M6nY/getUpdates?offset=472730009&timeout=20 HTTP/1.1" 200 23
2024-06-03 19:00:52,670 [DEBUG] https://api.telegram.org:443 "GET /bot6818872805:AAG1pKo-eVwCf_r7av6jpuFCI9YeQE9M6nY/getUpdates?offset=472730009&timeout=20 HTTP/1.1" 200 23
